<?xml version="1.0" encoding="UTF-8"?>
<testsuite xmlns:xsi="http://www.w3.org/2001/XMLSchema-instance" xsi:noNamespaceSchemaLocation="https://maven.apache.org/surefire/maven-surefire-plugin/xsd/surefire-test-report-3.0.xsd" version="3.0" name="com.blog.detail.DetailTest" time="20.739" tests="3" errors="0" skipped="0" failures="0">
  <properties>
[...]
</properties>
  <testcase name="test02非作者看不到编辑删除按钮" classname="com.blog.detail.DetailTest" time="13.733">
    <system-out><![CDATA[通过：非作者无编辑/删除按钮
]]></system-out>
    <system-err><![CDATA[9月 24, 2026 10:33:15 下午 org.openqa.selenium.devtools.CdpVersionFinder findNearestMatch
警告: Unable to find CDP implementation matching 131
9月 24, 2026 10:33:15 下午 org.openqa.selenium.chromium.ChromiumDriver lambda$new$5
警告: Unable to find version of CDP to use for 131.0.6778.109. You may need to include a dependency on a specific version of the CDP using something similar to `org.seleniumhq.selenium:selenium-devtools-v86:4.18.1` where the version ("v86") matches the version of the chromium-based browser you're using and the version number of the artifact is the same as Selenium's.
]]></system-err>
  </testcase>
  <testcase name="test01详情页内容显示正确" classname="com.blog.detail.DetailTest" time="3.348">
    <system-out><![CDATA[通过：详情页标题/内容显示正确
]]></system-out>
    <system-err><![CDATA[9月 24, 2026 10:33:29 下午 org.openqa.selenium.devtools.CdpVersionFinder findNearestMatch
警告: Unable to find CDP implementation matching 131
9月 24, 2026 10:33:29 下午 org.openqa.selenium.chromium.ChromiumDriver lambda$new$5
警告: Unable to find version of CDP to use for 131.0.6778.109. You may need to include a dependency on a specific version of the CDP using something similar to `org.seleniumhq.selenium:selenium-devtools-v86:4.18.1` where the version ("v86") matches the version of the chromium-based browser you're using and the version number of the artifact is the same as Selenium's.
]]></system-err>
  </testcase>
  <testcase name="test03作者删除博客成功" classname="com.blog.detail.DetailTest" time="3.658">
    <system-out><![CDATA[通过：作者删除博客成功
]]></system-out>
    <system-err><![CDATA[9月 24, 2026 10:33:32 下午 org.openqa.selenium.devtools.CdpVersionFinder findNearestMatch
警告: Unable to find CDP implementation matching 131
9月 24, 2026 10:33:32 下午 org.openqa.selenium.chromium.ChromiumDriver lambda$new$5
警告: Unable to find version of CDP to use for 131.0.6778.109. You may need to include a dependency on a specific version of the CDP using something similar to `org.seleniumhq.selenium:selenium-devtools-v86:4.18.1` where the version ("v86") matches the version of the chromium-based browser you're using and the version number of the artifact is the same as Selenium's.
]]></system-err>
  </testcase>
</testsuite>